Start testing: Sep 24 16:51 India Standard Time
----------------------------------------------------------
1/2 Testing: move_cycles
1/2 Test: move_cycles
Command: "F:/Coding/Project/build/tests/move_tests.exe"
Directory: F:/Coding/Project/build/tests
"move_cycles" start time: Sep 24 16:51 India Standard Time
Output:
----------------------------------------------------------
U: PASS
D: PASS
L: PASS
R: PASS
F: PASS
B: PASS
R U R' U' x6: PASS
<end of output>
Test time =   0.04 sec
----------------------------------------------------------
Test Passed.
"move_cycles" end time: Sep 24 16:51 India Standard Time
"move_cycles" time elapsed: 00:00:00
----------------------------------------------------------

2/2 Testing: solver_random_scrambles
2/2 Test: solver_random_scrambles
Command: "F:/Coding/Project/build/tests/solver_tests.exe"
Directory: F:/Coding/Project/build/tests
"solver_random_scrambles" start time: Sep 24 16:51 India Standard Time
Output:
----------------------------------------------------------
19/20 BFS passed
20/20 IDA* passed
<end of output>
Test time =  66.72 sec
----------------------------------------------------------
Test Failed.
"solver_random_scrambles" end time: Sep 24 16:52 India Standard Time
"solver_random_scrambles" time elapsed: 00:01:06
----------------------------------------------------------

End testing: Sep 24 16:52 India Standard Time
